<?xml version="1.0" encoding="UTF-8"?>
<testng-results skipped="0" failed="0" ignored="0" total="1" passed="1">
  <reporter-output>
  </reporter-output>
  <suite name="Default suite" duration-ms="9468" started-at="2018-07-27T03:06:47Z" finished-at="2018-07-27T03:06:57Z">
    <groups>
    </groups>
    <test name="Default test" duration-ms="9468" started-at="2018-07-27T03:06:47Z" finished-at="2018-07-27T03:06:57Z">
      <class name="PageTest">
        <test-method status="PASS" signature="setUp()[pri:0, instance:PageTest@1bf4b8b]" name="setUp" is-config="true" duration-ms="4809" started-at="2018-07-27T03:06:47Z" finished-at="2018-07-27T03:06:52Z">
          <reporter-output>
          </reporter-output>
        </test-method> <!-- setUp -->
        <test-method status="PASS" signature="testMethod()[pri:0, instance:PageTest@1bf4b8b]" name="testMethod" duration-ms="3955" started-at="2018-07-27T03:06:52Z" finished-at="2018-07-27T03:06:56Z">
          <reporter-output>
          </reporter-output>
        </test-method> <!-- testMethod -->
        <test-method status="PASS" signature="tearDown()[pri:0, instance:PageTest@1bf4b8b]" name="tearDown" is-config="true" duration-ms="666" started-at="2018-07-27T03:06:56Z" finished-at="2018-07-27T03:06:57Z">
          <reporter-output>
          </reporter-output>
        </test-method> <!-- tearDown -->
      </class> <!-- PageTest -->
    </test> <!-- Default test -->
  </suite> <!-- Default suite -->
</testng-results>
